2018-11-18 22:59:20 INFO  Log:24 - Info : -------Starting of Testcase---------
2018-11-18 22:59:20 INFO  Log:35 - Info : SCENARIO Started - Testcase ID "login_openArticle" - ST SG - Login as valid user and open main article
2018-11-18 22:59:20 INFO  Log:35 - Info : Testcase Id - login_openArticle
2018-11-18 22:59:20 INFO  Log:35 - Info : Sheet Enabled - LoginPage
2018-11-18 22:59:20 INFO  Log:35 - Info : Sheet - LoginPage; Total testcases - 1
2018-11-18 22:59:20 INFO  Log:35 - Info : Testcase ID Enabled - login_openArticle
2018-11-18 22:59:20 INFO  Log:35 - Info : Unset test data
2018-11-18 22:59:20 INFO  Log:35 - Info : Test data for test case id - login_openArticle
2018-11-18 22:59:20 INFO  Log:35 - Info : Testcase Enabled - Yes
2018-11-18 22:59:20 INFO  Log:35 - Info : Testdata >> login_openArticle >> Login user name- digitaltest2
2018-11-18 22:59:20 INFO  Log:35 - Info : Testdata >> login_openArticle >> Login Password - Sphdigital1
2018-11-18 22:59:20 INFO  Log:35 - Info : Note - Make sure Appium server started manually as configured
2018-11-18 22:59:20 INFO  Log:35 - Info : Initializing Driver - New
2018-11-18 22:59:20 INFO  Log:35 - Info : Is Desktop? - No
2018-11-18 22:59:20 INFO  Log:35 - Info : Platform name - Android
2018-11-18 22:59:20 INFO  Log:35 - Info : Android desired capabilities are set:/nCapabilities {app: /Users/dbala81/Documents/ST..., appActivity: com.sph.straitstimes.views...., appWaitActivity: com.sph.straitstimes.views...., appWaitDuration: 30000, autoGrantPermissions: true, automationName: UIAutomator2, avd: Nexus_5X_7.1.1, avdLaunchTimeout: 200000, avdReadyTimeout: 200000, clearSystemFiles: true, deviceName: emulator-5554, isHeadless: false, newCommandTimeout: 1200000, noReset: false, platformName: Android, platformVersion: 7.1.1, recreateChromeDriverSessions: true, resetKeyboard: true, unicodeKeyboard: false}
2018-11-18 22:59:35 INFO  Log:35 - Info : Android driver invoked with context: NATIVE_APP
2018-11-18 22:59:36 INFO  Log:35 - Info : Get mobile platform : Android
2018-11-18 22:59:36 INFO  Log:35 - Info : Mobile Driver initialized
2018-11-18 22:59:46 INFO  Log:35 - Info : Wait for page to load...
2018-11-18 22:59:46 INFO  Log:35 - Info : ===>>> Handle intro screens
2018-11-18 22:59:46 INFO  Log:35 - Info : In initScreenHandler
2018-11-18 22:59:46 INFO  Log:35 - Info :  Waiting for element in intro screen
2018-11-18 22:59:46 INFO  Log:35 - BasePage.fluentWait :0
2018-11-18 22:59:47 INFO  Log:35 - Info : [EW] Waiting for element - Located by By.chained({By.id: btn_tnc_ok})
2018-11-18 22:59:47 INFO  Log:35 - Pass : [EW] Element found - Located by By.chained({By.id: btn_tnc_ok})
2018-11-18 22:59:47 INFO  Log:35 - Pass : [EW] Element clicked - Located by By.chained({By.id: btn_tnc_ok})
2018-11-18 22:59:47 INFO  Log:35 - PassClick on Agree button
2018-11-18 22:59:47 INFO  Log:35 - Info: Click on Skip button
2018-11-18 22:59:48 INFO  Log:35 - Info : [EW] Waiting for element - Located by By.chained({By.id: welcome})
2018-11-18 22:59:49 INFO  Log:35 - Pass : [EW] Element found - Located by By.chained({By.id: welcome})
2018-11-18 22:59:49 INFO  Log:35 - Pass : [EW] Do swipe on screen towards direction 	:left
2018-11-18 22:59:49 INFO  Log:35 - ElementWrapper.doSwipeOnScreen	0
2018-11-18 22:59:49 INFO  Log:35 - Info: Swipe the screen - Left
2018-11-18 22:59:50 INFO  Log:35 - Info : [EW] Waiting for element - Located by By.chained({By.id: skip})
2018-11-18 22:59:50 INFO  Log:35 - Pass : [EW] Element found - Located by By.chained({By.id: skip})
2018-11-18 22:59:50 INFO  Log:35 - Info : [EW] Waiting for element - Located by By.chained({By.id: skip})
2018-11-18 22:59:50 INFO  Log:35 - Pass : [EW] Element found - Located by By.chained({By.id: skip})
2018-11-18 22:59:50 INFO  Log:35 - Pass : [EW] Element clicked - Located by By.chained({By.id: skip})
2018-11-18 22:59:50 INFO  Log:35 - PassClick on skip text icon
2018-11-18 22:59:50 INFO  Log:35 - Info: Click on Skip button
2018-11-18 22:59:50 INFO  Log:35 - BasePage.initScreenHandler :	3
2018-11-18 22:59:50 INFO  Log:35 - Info : ===>>> Click Login button from navigation pane
2018-11-18 22:59:55 INFO  Log:35 - Error : [EW] - Wait for element - org.openqa.selenium.StaleElementReferenceException: io.appium.uiautomator2.common.exceptions.StaleElementReferenceException: The element 'c6c4fa2c-e8ed-4c32-993d-8ab5723104d5' does not exist in DOM anymore
	at io.appium.uiautomator2.model.KnownElements.getElementFromCache(KnownElements.java:85)
	at io.appium.uiautomator2.handler.GetElementAttribute.safeHandle(GetElementAttribute.java:249)
	at io.appium.uiautomator2.handler.request.SafeRequestHandler.handle(SafeRequestHandler.java:37)
	at io.appium.uiautomator2.server.AppiumServlet.handleRequest(AppiumServlet.java:250)
	at io.appium.uiautomator2.server.AppiumServlet.handleHttpRequest(AppiumServlet.java:241)
	at io.appium.uiautomator2.http.ServerHandler.channelRead(ServerHandler.java:44)
	at io.netty.channel.AbstractChannelHandlerContext.invokeChannelRead(AbstractChannelHandlerContext.java:366)
	at io.netty.channel.AbstractChannelHandlerContext.invokeChannelRead(AbstractChannelHandlerContext.java:352)
	at io.netty.channel.AbstractChannelHandlerContext.fireChannelRead(AbstractChannelHandlerContext.java:345)
	at io.netty.handler.codec.MessageToMessageDecoder.channelRead(MessageToMessageDecoder.java:102)
	at io.netty.channel.AbstractChannelHandlerContext.invokeChannelRead(AbstractChannelHandlerContext.java:366)
	at io.netty.channel.AbstractChannelHandlerContext.invokeChannelRead(AbstractChannelHandlerContext.java:352)
	at io.netty.channel.AbstractChannelHandlerContext.fireChannelRead(AbstractChannelHandlerContext.java:345)
	at io.netty.channel.CombinedChannelDuplexHandler$DelegatingChannelHandlerContext.fireChannelRead(CombinedChannelDuplexHandler.java:435)
	at io.netty.handler.codec.ByteToMessageDecoder.fireChannelRead(ByteToMessageDecoder.java:293)
	at io.netty.handler.codec.ByteToMessageDecoder.channelRead(ByteToMessageDecoder.java:267)
	at io.netty.channel.CombinedChannelDuplexHandler.channelRead(CombinedChannelDuplexHandler.java:250)
	at io.netty.channel.AbstractChannelHandlerContext.invokeChannelRead(AbstractChannelHandlerContext.java:366)
	at io.netty.channel.AbstractChannelHandlerContext.invokeChannelRead(AbstractChannelHandlerContext.java:352)
	at io.netty.channel.AbstractChannelHandlerContext.fireChannelRead(AbstractChannelHandlerContext.java:345)
	at io.netty.channel.DefaultChannelPipeline$HeadContext.channelRead(DefaultChannelPipeline.java:1294)
	at io.netty.channel.AbstractChannelHandlerContext.invokeChannelRead(AbstractChannelHandlerContext.java:366)
	at io.netty.channel.AbstractChannelHandlerContext.invokeChannelRead(AbstractChannelHandlerContext.java:352)
	at io.netty.channel.DefaultChannelPipeline.fireChannelRead(DefaultChannelPipeline.java:911)
	at io.netty.channel.nio.AbstractNioByteChannel$NioByteUnsafe.read(AbstractNioByteChannel.java:131)
	at io.netty.channel.nio.NioEventLoop.processSelectedKey(NioEventLoop.java:611)
	at io.netty.channel.nio.NioEventLoop.processSelectedKeysOptimized(NioEventLoop.java:552)
	at io.netty.channel.nio.NioEventLoop.processSelectedKeys(NioEventLoop.java:466)
	at io.netty.channel.nio.NioEventLoop.run(NioEventLoop.java:438)
	at io.netty.util.concurrent.SingleThreadEventExecutor$2.run(SingleThreadEventExecutor.java:140)
	at io.netty.util.concurrent.DefaultThreadFactory$DefaultRunnableDecorator.run(DefaultThreadFactory.java:144)
	at java.lang.Thread.run(Thread.java:761)
 (WARNING: The server did not provide any stacktrace information)
Command duration or timeout: 0 milliseconds
For documentation on this error, please visit: http://seleniumhq.org/exceptions/stale_element_reference.html
Build info: version: '3.14.0', revision: 'aacccce0', time: '2018-08-02T20:19:58.91Z'
System info: host: 'Devarajus-MBP', ip: '2406:3003:2004:1f30:b92e:4dc2:b73b:ddf6', os.name: 'Mac OS X', os.arch: 'x86_64', os.version: '10.13.6', java.version: '1.8.0_151'
Driver info: io.appium.java_client.android.AndroidDriver
Capabilities {app: /Users/dbala81/Documents/ST..., appActivity: com.sph.straitstimes.views...., appPackage: com.buuuk.st, appWaitActivity: com.sph.straitstimes.views...., appWaitDuration: 30000, autoGrantPermissions: true, automationName: UIAutomator2, avd: Nexus_5X_7.1.1, avdLaunchTimeout: 200000, avdReadyTimeout: 200000, clearSystemFiles: true, databaseEnabled: false, desired: {app: /Users/dbala81/Documents/ST..., appActivity: com.sph.straitstimes.views...., appWaitActivity: com.sph.straitstimes.views...., appWaitDuration: 30000, autoGrantPermissions: true, automationName: UIAutomator2, avd: Nexus_5X_7.1.1, avdLaunchTimeout: 200000, avdReadyTimeout: 200000, clearSystemFiles: true, deviceName: emulator-5554, isHeadless: false, newCommandTimeout: 1200000, noReset: false, platformName: Android, platformVersion: 7.1.1, recreateChromeDriverSessions: true, resetKeyboard: true, unicodeKeyboard: false}, deviceApiLevel: 25, deviceManufacturer: Google, deviceModel: Android SDK built for x86, deviceName: emulator-5554, deviceScreenDensity: 420, deviceScreenSize: 1080x1920, deviceUDID: emulator-5554, isHeadless: false, javascriptEnabled: true, locationContextEnabled: false, networkConnectionEnabled: true, newCommandTimeout: 1200000, noReset: false, pixelRatio: 2.625, platform: LINUX, platformName: Android, platformVersion: 7.1.1, recreateChromeDriverSessions: true, resetKeyboard: true, statBarHeight: 63, takesScreenshot: true, unicodeKeyboard: false, viewportRect: {height: 1731, left: 0, top: 63, width: 1080}, warnings: {}, webStorageEnabled: false}
Session ID: 3e1d884b-e9f7-4242-8afc-5b07bf0c4114
2018-11-18 22:59:58 INFO  Log:35 - Pass : [EW] Element clicked - Located by By.chained({By.xpath: //android.widget.ImageButton[@content-desc='Navigate up']})
2018-11-18 22:59:58 INFO  Log:35 - PassClick on Navigation menu button
2018-11-18 23:00:00 INFO  Log:35 - Info : [EW] Waiting for element - Located by By.chained({By.id: tv_login})
2018-11-18 23:00:00 INFO  Log:35 - Pass : [EW] Element found - Located by By.chained({By.id: tv_login})
2018-11-18 23:00:00 INFO  Log:35 - Pass : [EW] Element clicked - Located by By.chained({By.id: tv_login})
2018-11-18 23:00:00 INFO  Log:35 - PassClick on Login button
2018-11-18 23:00:00 INFO  Log:35 - Info : ===>>> Enter login username and password
2018-11-18 23:00:01 INFO  Log:35 - Info : [EW] Waiting for element - Located by By.chained({By.id: tv_login_label})
2018-11-18 23:00:01 INFO  Log:35 - Pass : [EW] Element found - Located by By.chained({By.id: tv_login_label})
2018-11-18 23:00:11 INFO  Log:35 - Pass : [EW] Enter text - Located by By.chained({By.id: et_ldap_login_username}); Value - digitaltest2
2018-11-18 23:00:11 INFO  Log:35 - PassEnter login ID
2018-11-18 23:00:13 INFO  Log:35 - Pass : [EW] Enter text - Located by By.chained({By.id: et_ldap_login_password}); Value - Sphdigital1
2018-11-18 23:00:13 INFO  Log:35 - PassEnter login password
2018-11-18 23:00:13 INFO  Log:35 - Pass : Login and submit button
2018-11-18 23:00:13 INFO  Log:35 - Info : ===>>> Click on submit button in login screen
2018-11-18 23:00:30 INFO  Log:35 - Info : [EW] Waiting for element - Located by By.chained({By.id: btn_ldap_login_continue})
2018-11-18 23:00:30 INFO  Log:35 - Pass : [EW] Element found - Located by By.chained({By.id: btn_ldap_login_continue})
2018-11-18 23:00:30 INFO  Log:35 - Pass : [EW] Element clicked - Located by By.chained({By.id: btn_ldap_login_continue})
2018-11-18 23:00:56 INFO  Log:35 - Error : [EW] - Wait for element - org.openqa.selenium.TimeoutException: Expected condition failed: waiting for element to be clickable: Located by By.chained({By.id: tvMessageView}) (tried for 20 second(s) with 1000 milliseconds interval)
2018-11-18 23:01:00 INFO  Log:35 - Error : Element identified is not clickable: org.openqa.selenium.NoSuchElementException: Can't locate an element by this strategy: By.chained({By.id: tvMessageView})
2018-11-18 23:01:00 INFO  Log:35 - PassClick on submit button
2018-11-18 23:01:00 INFO  Log:35 - Info : ===>>> Click on first main article
2018-11-18 23:01:29 INFO  Log:35 - Info : [EW] Waiting for element - [[io.appium.java_client.android.AndroidDriver, Capabilities: {app=/Users/dbala81/Documents/ST/stsg/Apps/Android/TheStraitsTimes_v6.6.8.apk, appActivity=com.sph.straitstimes.views.activities.SplashActivity, appPackage=com.buuuk.st, appWaitActivity=com.sph.straitstimes.views.activities.TncActivity, appWaitDuration=30000, autoGrantPermissions=true, automationName=UIAutomator2, avd=Nexus_5X_7.1.1, avdLaunchTimeout=200000, avdReadyTimeout=200000, clearSystemFiles=true, databaseEnabled=false, desired={app=/Users/dbala81/Documents/ST/stsg/Apps/Android/TheStraitsTimes_v6.6.8.apk, isHeadless=false, recreateChromeDriverSessions=true, clearSystemFiles=true, noReset=false, appWaitActivity=com.sph.straitstimes.views.activities.TncActivity, deviceName=emulator-5554, avd=Nexus_5X_7.1.1, appWaitDuration=30000, appActivity=com.sph.straitstimes.views.activities.SplashActivity, avdLaunchTimeout=200000, newCommandTimeout=1200000, platformVersion=7.1.1, automationName=UIAutomator2, autoGrantPermissions=true, unicodeKeyboard=false, platformName=Android, avdReadyTimeout=200000, resetKeyboard=true}, deviceApiLevel=25, deviceManufacturer=Google, deviceModel=Android SDK built for x86, deviceName=emulator-5554, deviceScreenDensity=420, deviceScreenSize=1080x1920, deviceUDID=emulator-5554, isHeadless=false, javascriptEnabled=true, locationContextEnabled=false, networkConnectionEnabled=true, newCommandTimeout=1200000, noReset=false, pixelRatio=2.625, platform=LINUX, platformName=Android, platformVersion=7.1.1, recreateChromeDriverSessions=true, resetKeyboard=true, statBarHeight=63, takesScreenshot=true, unicodeKeyboard=false, viewportRect={left=0, top=63, width=1080, height=1731}, warnings={}, webStorageEnabled=false}] -> id: root_view]
2018-11-18 23:01:29 INFO  Log:35 - Pass : [EW] Element found - [[io.appium.java_client.android.AndroidDriver, Capabilities: {app=/Users/dbala81/Documents/ST/stsg/Apps/Android/TheStraitsTimes_v6.6.8.apk, appActivity=com.sph.straitstimes.views.activities.SplashActivity, appPackage=com.buuuk.st, appWaitActivity=com.sph.straitstimes.views.activities.TncActivity, appWaitDuration=30000, autoGrantPermissions=true, automationName=UIAutomator2, avd=Nexus_5X_7.1.1, avdLaunchTimeout=200000, avdReadyTimeout=200000, clearSystemFiles=true, databaseEnabled=false, desired={app=/Users/dbala81/Documents/ST/stsg/Apps/Android/TheStraitsTimes_v6.6.8.apk, isHeadless=false, recreateChromeDriverSessions=true, clearSystemFiles=true, noReset=false, appWaitActivity=com.sph.straitstimes.views.activities.TncActivity, deviceName=emulator-5554, avd=Nexus_5X_7.1.1, appWaitDuration=30000, appActivity=com.sph.straitstimes.views.activities.SplashActivity, avdLaunchTimeout=200000, newCommandTimeout=1200000, platformVersion=7.1.1, automationName=UIAutomator2, autoGrantPermissions=true, unicodeKeyboard=false, platformName=Android, avdReadyTimeout=200000, resetKeyboard=true}, deviceApiLevel=25, deviceManufacturer=Google, deviceModel=Android SDK built for x86, deviceName=emulator-5554, deviceScreenDensity=420, deviceScreenSize=1080x1920, deviceUDID=emulator-5554, isHeadless=false, javascriptEnabled=true, locationContextEnabled=false, networkConnectionEnabled=true, newCommandTimeout=1200000, noReset=false, pixelRatio=2.625, platform=LINUX, platformName=Android, platformVersion=7.1.1, recreateChromeDriverSessions=true, resetKeyboard=true, statBarHeight=63, takesScreenshot=true, unicodeKeyboard=false, viewportRect={left=0, top=63, width=1080, height=1731}, warnings={}, webStorageEnabled=false}] -> id: root_view]
2018-11-18 23:01:29 INFO  Log:35 - Pass : [EW] Element clicked - [[io.appium.java_client.android.AndroidDriver, Capabilities: {app=/Users/dbala81/Documents/ST/stsg/Apps/Android/TheStraitsTimes_v6.6.8.apk, appActivity=com.sph.straitstimes.views.activities.SplashActivity, appPackage=com.buuuk.st, appWaitActivity=com.sph.straitstimes.views.activities.TncActivity, appWaitDuration=30000, autoGrantPermissions=true, automationName=UIAutomator2, avd=Nexus_5X_7.1.1, avdLaunchTimeout=200000, avdReadyTimeout=200000, clearSystemFiles=true, databaseEnabled=false, desired={app=/Users/dbala81/Documents/ST/stsg/Apps/Android/TheStraitsTimes_v6.6.8.apk, isHeadless=false, recreateChromeDriverSessions=true, clearSystemFiles=true, noReset=false, appWaitActivity=com.sph.straitstimes.views.activities.TncActivity, deviceName=emulator-5554, avd=Nexus_5X_7.1.1, appWaitDuration=30000, appActivity=com.sph.straitstimes.views.activities.SplashActivity, avdLaunchTimeout=200000, newCommandTimeout=1200000, platformVersion=7.1.1, automationName=UIAutomator2, autoGrantPermissions=true, unicodeKeyboard=false, platformName=Android, avdReadyTimeout=200000, resetKeyboard=true}, deviceApiLevel=25, deviceManufacturer=Google, deviceModel=Android SDK built for x86, deviceName=emulator-5554, deviceScreenDensity=420, deviceScreenSize=1080x1920, deviceUDID=emulator-5554, isHeadless=false, javascriptEnabled=true, locationContextEnabled=false, networkConnectionEnabled=true, newCommandTimeout=1200000, noReset=false, pixelRatio=2.625, platform=LINUX, platformName=Android, platformVersion=7.1.1, recreateChromeDriverSessions=true, resetKeyboard=true, statBarHeight=63, takesScreenshot=true, unicodeKeyboard=false, viewportRect={left=0, top=63, width=1080, height=1731}, warnings={}, webStorageEnabled=false}] -> id: root_view]
2018-11-18 23:01:55 INFO  Log:35 - PassClick on main article
2018-11-18 23:01:55 INFO  Log:35 - Info : ===>>> Verify the main article headline
2018-11-18 23:02:18 INFO  Log:35 - Error : [EW] - Wait for element - org.openqa.selenium.TimeoutException: Expected condition failed: waiting for element to be clickable: Located by By.chained({By.id: btn_ldap_login_continue}) (tried for 20 second(s) with 1000 milliseconds interval)
2018-11-18 23:02:28 INFO  Log:35 - ErrorClick on submit buttonorg.openqa.selenium.NoSuchElementException: Can't locate an element by this strategy: By.chained({By.id: btn_ldap_login_continue})
2018-11-18 23:02:28 INFO  Log:35 - Info : After scenario
2018-11-18 23:02:28 INFO  Log:35 - Info : RESULT - failed -- Scenario : Testcase ID "login_openArticle" - ST SG - Login as valid user and open main article
2018-11-18 23:02:28 INFO  Log:35 - Info : Driver quits...
2018-11-18 23:02:29 INFO  Log:30 - Info : -------End of Testcase---------End Test Case-------
