2018-11-18 22:55:56 INFO  Log:24 - Info : -------Starting of Testcase---------
2018-11-18 22:55:56 INFO  Log:35 - Info : SCENARIO Started - Testcase ID login_openArticle - ST SG - Login as valid user and open main article
2018-11-18 22:55:56 INFO  Log:35 - Info : Testcase Id - Testcase ID login_openArticl
2018-11-18 22:55:56 INFO  Log:35 - Info : Sheet Enabled - LoginPage
2018-11-18 22:55:56 INFO  Log:35 - Info : Sheet - LoginPage; Total testcases - 1
2018-11-18 22:55:56 INFO  Log:35 - Info : Unset test data
2018-11-18 22:55:56 INFO  Log:35 - Info : Test data for test case id - Testcase ID login_openArticl
2018-11-18 22:55:56 INFO  Log:35 - Info : Testcase Enabled - null
2018-11-18 22:55:56 INFO  Log:35 - Error : Set test data - java.lang.NullPointerException
2018-11-18 22:55:56 INFO  Log:35 - Info : Note - Make sure Appium server started manually as configured
2018-11-18 22:55:56 INFO  Log:35 - Info : Initializing Driver - New
2018-11-18 22:55:56 INFO  Log:35 - Info : Is Desktop? - No
2018-11-18 22:55:56 INFO  Log:35 - Info : Platform name - Android
2018-11-18 22:55:56 INFO  Log:35 - Info : Android desired capabilities are set:/nCapabilities {app: /Users/dbala81/Documents/ST..., appActivity: com.sph.straitstimes.views...., appWaitActivity: com.sph.straitstimes.views...., appWaitDuration: 30000, autoGrantPermissions: true, automationName: UIAutomator2, avd: Nexus_5X_7.1.1, avdLaunchTimeout: 200000, avdReadyTimeout: 200000, clearSystemFiles: true, deviceName: emulator-5554, isHeadless: false, newCommandTimeout: 1200000, noReset: false, platformName: Android, platformVersion: 7.1.1, recreateChromeDriverSessions: true, resetKeyboard: true, unicodeKeyboard: false}
2018-11-18 22:55:59 INFO  Log:35 - Error : Invoke android driver - org.openqa.selenium.WebDriverException: It is impossible to create a new session because 'createSession' which takes HttpClient, InputStream and long was not found or it is not accessible
Build info: version: '3.14.0', revision: 'aacccce0', time: '2018-08-02T20:19:58.91Z'
System info: host: 'Devarajus-MBP', ip: '2406:3003:2004:1f30:b92e:4dc2:b73b:ddf6', os.name: 'Mac OS X', os.arch: 'x86_64', os.version: '10.13.6', java.version: '1.8.0_151'
Driver info: driver.version: AndroidDriver
2018-11-18 22:55:59 INFO  Log:35 - Error : Before Scenario - java.lang.Exception: Error : Invoke android driver - org.openqa.selenium.WebDriverException: It is impossible to create a new session because 'createSession' which takes HttpClient, InputStream and long was not found or it is not accessible
Build info: version: '3.14.0', revision: 'aacccce0', time: '2018-08-02T20:19:58.91Z'
System info: host: 'Devarajus-MBP', ip: '2406:3003:2004:1f30:b92e:4dc2:b73b:ddf6', os.name: 'Mac OS X', os.arch: 'x86_64', os.version: '10.13.6', java.version: '1.8.0_151'
Driver info: driver.version: AndroidDriver
2018-11-18 22:55:59 INFO  Log:35 - Info : Wait for page to load...
2018-11-18 22:56:00 INFO  Log:35 - Info : After scenario
2018-11-18 22:56:00 INFO  Log:35 - Info : RESULT - failed -- Scenario : Testcase ID login_openArticle - ST SG - Login as valid user and open main article
2018-11-18 22:56:12 INFO  Log:35 - Error : After Scenario - java.lang.NullPointerException
