2018-11-18 22:17:26 INFO  Log:24 - Info : -------Starting of Testcase---------
2018-11-18 22:17:26 INFO  Log:35 - Info : SCENARIO Started - Testcase ID login_openArticle - ST SG - Login as valid user and open main article
2018-11-18 22:17:26 INFO  Log:35 - Info : Testcase Id - Testcase ID login_openArticl
2018-11-18 22:17:26 INFO  Log:35 - Info : Sheet Enabled - LoginPage
2018-11-18 22:17:26 INFO  Log:35 - Info : Sheet - LoginPage; Total testcases - 1
2018-11-18 22:17:26 INFO  Log:35 - Info : Unset test data
2018-11-18 22:17:26 INFO  Log:35 - Info : Test data for test case id - Testcase ID login_openArticl
2018-11-18 22:17:26 INFO  Log:35 - Info : Testcase Enabled - null
2018-11-18 22:17:26 INFO  Log:35 - Error : Set test data - java.lang.NullPointerException
2018-11-18 22:17:26 INFO  Log:35 - Info : Note - Make sure Appium server started manually as configured
2018-11-18 22:17:26 INFO  Log:35 - Info : Initializing Driver - New
2018-11-18 22:17:26 INFO  Log:35 - Info : Is Desktop? - No
2018-11-18 22:17:26 INFO  Log:35 - Info : Platform name - Android
2018-11-18 22:17:26 INFO  Log:35 - Info : Android desired capabilities are set:/nCapabilities {app: /Users/dbala81/Documents/ST..., appActivity: com.sph.straitstimes.views...., appWaitActivity: com.sph.straitstimes.views...., appWaitDuration: 30000, autoGrantPermissions: true, automationName: UIAutomator2, avd: Nexus_5X_7.1.1, avdLaunchTimeout: 200000, avdReadyTimeout: 200000, clearSystemFiles: true, deviceName: emulator-5554, isHeadless: false, newCommandTimeout: 1200000, noReset: false, platformName: Android, platformVersion: 7.1.1, recreateChromeDriverSessions: true, resetKeyboard: true, unicodeKeyboard: false}
2018-11-18 22:17:42 INFO  Log:35 - Info : Android driver invoked with context: NATIVE_APP
2018-11-18 22:17:42 INFO  Log:35 - Info : Get mobile platform : Android
2018-11-18 22:17:42 INFO  Log:35 - Info : Mobile Driver initialized
2018-11-18 22:17:53 INFO  Log:35 - Info : Wait for page to load...
2018-11-18 22:17:53 INFO  Log:35 - Info : ===>>> Handle intro screens
2018-11-18 22:17:53 INFO  Log:35 - Info : In initScreenHandler
2018-11-18 22:17:53 INFO  Log:35 - Info :  Waiting for element in intro screen
2018-11-18 22:17:53 INFO  Log:35 - BasePage.fluentWait :0
2018-11-18 22:17:54 INFO  Log:35 - Info : [EW] Waiting for element - Located by By.chained({By.id: btn_tnc_ok})
2018-11-18 22:17:54 INFO  Log:35 - Pass : [EW] Element found - Located by By.chained({By.id: btn_tnc_ok})
2018-11-18 22:17:54 INFO  Log:35 - Pass : [EW] Element clicked - Located by By.chained({By.id: btn_tnc_ok})
2018-11-18 22:17:54 INFO  Log:35 - PassClick on Agree button
2018-11-18 22:17:54 INFO  Log:35 - Info: Click on Skip button
2018-11-18 22:17:56 INFO  Log:35 - Info : [EW] Waiting for element - Located by By.chained({By.id: welcome})
2018-11-18 22:17:56 INFO  Log:35 - Pass : [EW] Element found - Located by By.chained({By.id: welcome})
2018-11-18 22:17:57 INFO  Log:35 - Pass : [EW] Do swipe on screen towards direction 	:left
2018-11-18 22:17:57 INFO  Log:35 - ElementWrapper.doSwipeOnScreen	0
2018-11-18 22:17:57 INFO  Log:35 - Info: Swipe the screen - Left
2018-11-18 22:17:57 INFO  Log:35 - Info : [EW] Waiting for element - Located by By.chained({By.id: skip})
2018-11-18 22:17:57 INFO  Log:35 - Pass : [EW] Element found - Located by By.chained({By.id: skip})
2018-11-18 22:17:57 INFO  Log:35 - Info : [EW] Waiting for element - Located by By.chained({By.id: skip})
2018-11-18 22:17:57 INFO  Log:35 - Pass : [EW] Element found - Located by By.chained({By.id: skip})
2018-11-18 22:17:57 INFO  Log:35 - Pass : [EW] Element clicked - Located by By.chained({By.id: skip})
2018-11-18 22:17:57 INFO  Log:35 - PassClick on skip text icon
2018-11-18 22:17:57 INFO  Log:35 - Info: Click on Skip button
2018-11-18 22:17:57 INFO  Log:35 - BasePage.initScreenHandler :	4
2018-11-18 22:17:57 INFO  Log:35 - Info : ===>>> Click Login button from navigation pane
2018-11-18 22:18:02 INFO  Log:35 - Info : [EW] Waiting for element - Located by By.chained({By.xpath: //android.widget.ImageButton[@content-desc='Navigate up']})
2018-11-18 22:18:03 INFO  Log:35 - Pass : [EW] Element found - Located by By.chained({By.xpath: //android.widget.ImageButton[@content-desc='Navigate up']})
2018-11-18 22:18:03 INFO  Log:35 - Pass : [EW] Element clicked - Located by By.chained({By.xpath: //android.widget.ImageButton[@content-desc='Navigate up']})
2018-11-18 22:18:03 INFO  Log:35 - PassClick on Navigation menu button
2018-11-18 22:18:04 INFO  Log:35 - Info : [EW] Waiting for element - Located by By.chained({By.id: tv_login})
2018-11-18 22:18:04 INFO  Log:35 - Pass : [EW] Element found - Located by By.chained({By.id: tv_login})
2018-11-18 22:18:04 INFO  Log:35 - Pass : [EW] Element clicked - Located by By.chained({By.id: tv_login})
2018-11-18 22:18:04 INFO  Log:35 - PassClick on Login button
2018-11-18 22:18:04 INFO  Log:35 - Info : ===>>> Enter login username and password
2018-11-18 22:18:06 INFO  Log:35 - Info : [EW] Waiting for element - Located by By.chained({By.id: tv_login_label})
2018-11-18 22:18:06 INFO  Log:35 - Pass : [EW] Element found - Located by By.chained({By.id: tv_login_label})
2018-11-18 22:18:16 INFO  Log:35 - Pass : [EW] Enter text - Located by By.chained({By.id: et_ldap_login_username}); Value - 
2018-11-18 22:18:16 INFO  Log:35 - PassEnter login ID
2018-11-18 22:18:18 INFO  Log:35 - Pass : [EW] Enter text - Located by By.chained({By.id: et_ldap_login_password}); Value - 
2018-11-18 22:18:18 INFO  Log:35 - PassEnter login password
2018-11-18 22:18:18 INFO  Log:35 - Pass : Login and submit button
2018-11-18 22:18:18 INFO  Log:35 - Info : ===>>> Click on submit button in login screen
2018-11-18 22:18:20 INFO  Log:35 - Info : [EW] Waiting for element - Located by By.chained({By.id: btn_ldap_login_continue})
2018-11-18 22:18:21 INFO  Log:35 - Pass : [EW] Element found - Located by By.chained({By.id: btn_ldap_login_continue})
2018-11-18 22:18:21 INFO  Log:35 - Pass : [EW] Element clicked - Located by By.chained({By.id: btn_ldap_login_continue})
2018-11-18 22:18:21 INFO  Log:35 - Info : [EW] Waiting for element - Located by By.chained({By.id: tvMessageView})
2018-11-18 22:18:21 INFO  Log:35 - Pass : [EW] Element found - Located by By.chained({By.id: tvMessageView})
2018-11-18 22:18:21 INFO  Log:35 - FailClick on submit button
2018-11-18 22:18:21 INFO  Log:35 - Info : After scenario
2018-11-18 22:18:21 INFO  Log:35 - Info : RESULT - failed -- Scenario : Testcase ID login_openArticle - ST SG - Login as valid user and open main article
2018-11-18 22:22:36 INFO  Log:35 - Info : [EW] Screenshots - Folder created
